Build started 2/13/2012 12:47:12 PM.
     1>Project "C:\Users\liningy\FS_Record\KinectSDKandOF\KinectSDKandOF.vcxproj" on node 2 (build target(s)).
     1>C:\Program Files\MSBuild\Microsoft.Cpp\v4.0\Microsoft.CppBuild.targets(299,5): warning MSB8004: Output Directory does not end with a trailing slash.  This build instance will add the slash as it is required to allow proper evaluation of the Output Directory.
     1>InitializeBuildStatus:
         Touching "Debug\KinectSDKandOF.unsuccessfulbuild".
       ClCompile:
         All outputs are up-to-date.
       ManifestResourceCompile:
         All outputs are up-to-date.
       Link:
         C:\Program Files\Microsoft Visual Studio 10.0\VC\bin\link.exe /ERRORREPORT:PROMPT /OUT:".\bin\KinectSDKandOF.exe" /INCREMENTAL /NOLOGO /LIBPATH:openframeworks\of_preRelease_v0062_vs2010_FAT\libs\glut\lib\vs2010 /LIBPATH:openframeworks\of_preRelease_v0062_vs2010_FAT\libs\openFrameworksCompiled\lib\vs2010 /LIBPATH:openframeworks\of_preRelease_v0062_vs2010_FAT\libs\poco\lib\vs2010 /LIBPATH:openframeworks\of_preRelease_v0062_vs2010_FAT\libs\glu\lib\vs2010 /LIBPATH:openframeworks\of_preRelease_v0062_vs2010_FAT\libs\glee\lib\vs2010 /LIBPATH:openframeworks\of_preRelease_v0062_vs2010_FAT\libs\videoInput\lib\vs2010 /LIBPATH:openframeworks\of_preRelease_v0062_vs2010_FAT\libs\fmodex\lib\vs2010 /LIBPATH:openframeworks\of_preRelease_v0062_vs2010_FAT\libs\quicktime\lib\vs2010 /LIBPATH:openframeworks\of_preRelease_v0062_vs2010_FAT\libs\freetype\lib\vs2010 /LIBPATH:openframeworks\of_preRelease_v0062_vs2010_FAT\libs\FreeImage\lib\vs2010 /LIBPATH:openframeworks\of_preRelease_v0062_vs2010_FAT\libs\rtAudio\lib\vs2010 /LIBPATH:openframeworks\of_preRelease_v0062_vs2010_FAT\addons\ofxOpenCv\libs\opencv\lib\vs2010 advapi32.lib shell32.lib ole32.lib oleaut32.lib uuid.lib odbc32.lib odbccp32.lib dsound.lib fmodex_vc.lib FreeImage.lib GLee.lib glu32.lib GLu32.lib glut32.lib libfreetype.lib openframeworksLibDebug.lib OpenGL32.lib PocoFoundationmtd.lib PocoNetmtd.lib PocoUtilmtd.lib PocoXMLmtd.lib qtmlClient.lib rtAudioD.lib setupapi.lib videoInput.lib amstrmid.lib avrt.lib dmoguids.lib Msdmo.lib MSRKinectNUI.lib kernel32.lib user32.lib gdi32.lib winspool.lib comdlg32.lib advapi32.lib shell32.lib ole32.lib oleaut32.lib uuid.lib odbc32.lib odbccp32.lib /NODEFAULTLIB:atlthunk.lib /NODEFAULTLIB:LIBC.lib /NODEFAULTLIB:LIBCMT /MANIFEST /ManifestFile:"Debug\KinectSDKandOF.exe.intermediate.manifest" /MANIFESTUAC:"level='asInvoker' uiAccess='false'" /DEBUG /PDB:"C:\Users\liningy\FS_Record\KinectSDKandOF\bin\KinectSDKandOF.pdb" /SUBSYSTEM:CONSOLE /TLBID:1 /DYNAMICBASE /NXCOMPAT /IMPLIB:".\bin\KinectSDKandOF.lib" /MACHINE:X86 Debug\KinectSDKandOF.exe.embed.manifest.res
         Debug\button.obj
         Debug\slider.obj
         Debug\grabVideo.obj
         Debug\main.obj
         Debug\ofxKinectPlayer.obj
         Debug\ofxKinectRecorder.obj
         Debug\ofxFBOTexture.obj
         Debug\ofxShader.obj
         Debug\shaderBlur.obj
         Debug\stdafx.obj
         Debug\testApp.obj
     1>button.obj : warning LNK4075: ignoring '/EDITANDCONTINUE' due to '/INCREMENTAL:NO' specification
     1>testApp.obj : error LNK2019: unresolved external symbol "public: __thiscall button::button(class std::basic_string<char,struct std::char_traits<char>,class std::allocator<char> >,int,int,int,int,bool,class std::basic_string<char,struct std::char_traits<char>,class std::allocator<char> >,class std::basic_string<char,struct std::char_traits<char>,class std::allocator<char> >)" (??0button@@QAE@V?$basic_string@DU?$char_traits@D@std@@V?$allocator@D@2@@std@@HHHH_N00@Z) referenced in function "public: virtual void __thiscall testApp::setup(void)" (?setup@testApp@@UAEXXZ)
     1>testApp.obj : error LNK2019: unresolved external symbol "public: void __thiscall button::drawFont(bool)" (?drawFont@button@@QAEX_N@Z) referenced in function "public: virtual void __thiscall testApp::draw(void)" (?draw@testApp@@UAEXXZ)
     1>.\bin\KinectSDKandOF.exe : fatal error LNK1120: 2 unresolved externals
     1>Done Building Project "C:\Users\liningy\FS_Record\KinectSDKandOF\KinectSDKandOF.vcxproj" (build target(s)) -- FAILED.

Build FAILED.

Time Elapsed 00:00:04.48
